<?xml version="1.0" encoding="UTF-8"?>
<testng-results ignored="0" total="1" passed="1" failed="0" skipped="0">
  <reporter-output>
    <line>
      <![CDATA[openBrowser]]>
    </line>
    <line>
      <![CDATA[login]]>
    </line>
    <line>
      <![CDATA[createCustomer]]>
    </line>
    <line>
      <![CDATA[logout]]>
    </line>
    <line>
      <![CDATA[closeBrowser]]>
    </line>
  </reporter-output>
  <suite started-at="2023-01-06T18:46:05 IST" name="Default suite" finished-at="2023-01-06T18:46:37 IST" duration-ms="31473">
    <groups>
    </groups>
    <test started-at="2023-01-06T18:46:05 IST" name="Default test" finished-at="2023-01-06T18:46:37 IST" duration-ms="31473">
      <class name="com.actitime.testscript.CustomerModule">
        <test-method is-config="true" signature="openBrowser()[pri:0, instance:com.actitime.testscript.CustomerModule@130161f7]" started-at="2023-01-06T18:46:05 IST" name="openBrowser" finished-at="2023-01-06T18:46:08 IST" duration-ms="2130" status="PASS">
          <reporter-output>
            <line>
              <![CDATA[openBrowser]]>
            </line>
          </reporter-output>
        </test-method> <!-- openBrowser -->
        <test-method is-config="true" signature="login()[pri:0, instance:com.actitime.testscript.CustomerModule@130161f7]" started-at="2023-01-06T18:46:08 IST" name="login" finished-at="2023-01-06T18:46:16 IST" duration-ms="8693" status="PASS">
          <reporter-output>
            <line>
              <![CDATA[login]]>
            </line>
          </reporter-output>
        </test-method> <!-- login -->
        <test-method signature="createCustomer()[pri:0, instance:com.actitime.testscript.CustomerModule@130161f7]" started-at="2023-01-06T18:46:16 IST" name="createCustomer" finished-at="2023-01-06T18:46:35 IST" duration-ms="18210" status="PASS">
          <reporter-output>
            <line>
              <![CDATA[createCustomer]]>
            </line>
          </reporter-output>
        </test-method> <!-- createCustomer -->
        <test-method is-config="true" signature="logout()[pri:0, instance:com.actitime.testscript.CustomerModule@130161f7]" started-at="2023-01-06T18:46:35 IST" name="logout" finished-at="2023-01-06T18:46:37 IST" duration-ms="1987" status="PASS">
          <reporter-output>
            <line>
              <![CDATA[logout]]>
            </line>
          </reporter-output>
        </test-method> <!-- logout -->
        <test-method is-config="true" signature="closeBrowser()[pri:0, instance:com.actitime.testscript.CustomerModule@130161f7]" started-at="2023-01-06T18:46:37 IST" name="closeBrowser" finished-at="2023-01-06T18:46:37 IST" duration-ms="378" status="PASS">
          <reporter-output>
            <line>
              <![CDATA[closeBrowser]]>
            </line>
          </reporter-output>
        </test-method> <!-- closeBrowser -->
      </class> <!-- com.actitime.testscript.CustomerModule -->
    </test> <!-- Default test -->
  </suite> <!-- Default suite -->
</testng-results>
